生成启动时间为 2018/3/9 20:03:11。
     1>项目“C:\Users\Peppa\Desktop\01 链表相关\01 链表相关\01 链表相关.vcxproj”在节点 2 上(build 个目标)。
     1>PrepareForBuild:
         正在创建目录“C:\Users\Peppa\Desktop\01 链表相关\Debug\”。
       InitializeBuildStatus:
         正在创建“Debug\01 链表相关.unsuccessfulbuild”，因为已指定“AlwaysCreate”。
       ClCompile:
         C:\Program Files (x86)\Microsoft Visual Studio 10.0\VC\bin\CL.exe /c /ZI /nologo /W3 /WX- /Od /Oy- /D WIN32 /D _DEBUG /D _CONSOLE /D _UNICODE /D UNICODE /Gm /EHsc /RTC1 /MDd /GS /fp:precise /Zc:wchar_t /Zc:forScope /Fo"Debug\\" /Fd"Debug\vc100.pdb" /Gd /TP /analyze- /errorReport:prompt demo.cpp
         demo.cpp
     1>c:\users\peppa\desktop\01 链表相关\01 链表相关\demo.cpp(35): warning C4996: 'scanf': This function or variable may be unsafe. Consider using scanf_s instead. To disable deprecation, use _CRT_SECURE_NO_WARNINGS. See online help for details.
                 c:\program files (x86)\microsoft visual studio 10.0\vc\include\stdio.h(304) : 参见“scanf”的声明
     1>c:\users\peppa\desktop\01 链表相关\01 链表相关\demo.cpp(39): warning C4996: 'scanf': This function or variable may be unsafe. Consider using scanf_s instead. To disable deprecation, use _CRT_SECURE_NO_WARNINGS. See online help for details.
                 c:\program files (x86)\microsoft visual studio 10.0\vc\include\stdio.h(304) : 参见“scanf”的声明
     1>c:\users\peppa\desktop\01 链表相关\01 链表相关\demo.cpp(41): warning C4996: 'strcpy': This function or variable may be unsafe. Consider using strcpy_s instead. To disable deprecation, use _CRT_SECURE_NO_WARNINGS. See online help for details.
                 c:\program files (x86)\microsoft visual studio 10.0\vc\include\string.h(105) : 参见“strcpy”的声明
     1>c:\users\peppa\desktop\01 链表相关\01 链表相关\demo.cpp(48): warning C4996: 'scanf': This function or variable may be unsafe. Consider using scanf_s instead. To disable deprecation, use _CRT_SECURE_NO_WARNINGS. See online help for details.
                 c:\program files (x86)\microsoft visual studio 10.0\vc\include\stdio.h(304) : 参见“scanf”的声明
     1>c:\users\peppa\desktop\01 链表相关\01 链表相关\demo.cpp(55): warning C4996: 'scanf': This function or variable may be unsafe. Consider using scanf_s instead. To disable deprecation, use _CRT_SECURE_NO_WARNINGS. See online help for details.
                 c:\program files (x86)\microsoft visual studio 10.0\vc\include\stdio.h(304) : 参见“scanf”的声明
     1>c:\users\peppa\desktop\01 链表相关\01 链表相关\demo.cpp(87): warning C4996: 'strcpy': This function or variable may be unsafe. Consider using strcpy_s instead. To disable deprecation, use _CRT_SECURE_NO_WARNINGS. See online help for details.
                 c:\program files (x86)\microsoft visual studio 10.0\vc\include\string.h(105) : 参见“strcpy”的声明
     1>c:\users\peppa\desktop\01 链表相关\01 链表相关\demo.cpp(101): warning C4715: “addnode”: 不是所有的控件路径都返回值
       ManifestResourceCompile:
         C:\Program Files (x86)\Microsoft SDKs\Windows\v7.0A\bin\rc.exe /nologo /fo"Debug\01 链表相关.exe.embed.manifest.res" "Debug\01 链表相关_manifest.rc" 
       Link:
         C:\Program Files (x86)\Microsoft Visual Studio 10.0\VC\bin\link.exe /ERRORREPORT:PROMPT /OUT:"C:\Users\Peppa\Desktop\01 链表相关\Debug\01 链表相关.exe" /INCREMENTAL /NOLOGO kernel32.lib user32.lib gdi32.lib winspool.lib comdlg32.lib advapi32.lib shell32.lib ole32.lib oleaut32.lib uuid.lib odbc32.lib odbccp32.lib /MANIFEST /ManifestFile:"Debug\01 链表相关.exe.intermediate.manifest" /MANIFESTUAC:"level='asInvoker' uiAccess='false'" /DEBUG /PDB:"C:\Users\Peppa\Desktop\01 链表相关\Debug\01 链表相关.pdb" /SUBSYSTEM:CONSOLE /TLBID:1 /DYNAMICBASE /NXCOMPAT /IMPLIB:"C:\Users\Peppa\Desktop\01 链表相关\Debug\01 链表相关.lib" /MACHINE:X86 "Debug\01 链表相关.exe.embed.manifest.res"
         Debug\demo.obj
       Manifest:
         C:\Program Files (x86)\Microsoft SDKs\Windows\v7.0A\bin\mt.exe /nologo /verbose /out:"Debug\01 链表相关.exe.embed.manifest" /manifest "Debug\01 链表相关.exe.intermediate.manifest"
         C:\Program Files (x86)\Microsoft SDKs\Windows\v7.0A\bin\rc.exe /nologo /fo"Debug\01 链表相关.exe.embed.manifest.res" "Debug\01 链表相关_manifest.rc" 
       LinkEmbedManifest:
         C:\Program Files (x86)\Microsoft Visual Studio 10.0\VC\bin\link.exe /ERRORREPORT:PROMPT /OUT:"C:\Users\Peppa\Desktop\01 链表相关\Debug\01 链表相关.exe" /INCREMENTAL /NOLOGO kernel32.lib user32.lib gdi32.lib winspool.lib comdlg32.lib advapi32.lib shell32.lib ole32.lib oleaut32.lib uuid.lib odbc32.lib odbccp32.lib /MANIFEST /ManifestFile:"Debug\01 链表相关.exe.intermediate.manifest" /MANIFESTUAC:"level='asInvoker' uiAccess='false'" /DEBUG /PDB:"C:\Users\Peppa\Desktop\01 链表相关\Debug\01 链表相关.pdb" /SUBSYSTEM:CONSOLE /TLBID:1 /DYNAMICBASE /NXCOMPAT /IMPLIB:"C:\Users\Peppa\Desktop\01 链表相关\Debug\01 链表相关.lib" /MACHINE:X86 "Debug\01 链表相关.exe.embed.manifest.res"
         Debug\demo.obj
         01 链表相关.vcxproj -> C:\Users\Peppa\Desktop\01 链表相关\Debug\01 链表相关.exe
       FinalizeBuildStatus:
         正在删除文件“Debug\01 链表相关.unsuccessfulbuild”。
         正在对“Debug\01 链表相关.lastbuildstate”执行 Touch 任务。
     1>已完成生成项目“C:\Users\Peppa\Desktop\01 链表相关\01 链表相关\01 链表相关.vcxproj”(build 个目标)的操作。

生成成功。

已用时间 00:00:04.54
