G:\GITHUB\THE-BEST-OF-C\CQUPT\DEMO03-判别闰年\DEMO03\DEBUG\DEMO03.EXE
G:\GITHUB\THE-BEST-OF-C\CQUPT\DEMO03-判别闰年\DEMO03\DEBUG\DEMO03.ILK
G:\GITHUB\THE-BEST-OF-C\CQUPT\DEMO03-判别闰年\DEMO03\DEBUG\DEMO03.PDB
G:\GitHub\the-Best-of-C\CQUPT\demo03-判别闰年\demo03\demo03\Debug\cl.command.1.tlog
G:\GitHub\the-Best-of-C\CQUPT\demo03-判别闰年\demo03\demo03\Debug\CL.read.1.tlog
G:\GitHub\the-Best-of-C\CQUPT\demo03-判别闰年\demo03\demo03\Debug\CL.write.1.tlog
G:\GITHUB\THE-BEST-OF-C\CQUPT\DEMO03-判别闰年\DEMO03\DEMO03\DEBUG\DEMO03.EXE.EMBED.MANIFEST
G:\GITHUB\THE-BEST-OF-C\CQUPT\DEMO03-判别闰年\DEMO03\DEMO03\DEBUG\DEMO03.EXE.EMBED.MANIFEST.RES
G:\GITHUB\THE-BEST-OF-C\CQUPT\DEMO03-判别闰年\DEMO03\DEMO03\DEBUG\DEMO03.EXE.INTERMEDIATE.MANIFEST
G:\GITHUB\THE-BEST-OF-C\CQUPT\DEMO03-判别闰年\DEMO03\DEMO03\DEBUG\DEMO03.OBJ
G:\GitHub\the-Best-of-C\CQUPT\demo03-判别闰年\demo03\demo03\Debug\demo03.vcxprojResolveAssemblyReference.cache
G:\GitHub\the-Best-of-C\CQUPT\demo03-判别闰年\demo03\demo03\Debug\demo03.write.1.tlog
G:\GitHub\the-Best-of-C\CQUPT\demo03-判别闰年\demo03\demo03\Debug\demo03_manifest.rc
G:\GitHub\the-Best-of-C\CQUPT\demo03-判别闰年\demo03\demo03\Debug\link.1576.read.1.tlog
G:\GitHub\the-Best-of-C\CQUPT\demo03-判别闰年\demo03\demo03\Debug\link.1576.write.1.tlog
G:\GitHub\the-Best-of-C\CQUPT\demo03-判别闰年\demo03\demo03\Debug\link.1576-cvtres.read.1.tlog
G:\GitHub\the-Best-of-C\CQUPT\demo03-判别闰年\demo03\demo03\Debug\link.1576-cvtres.write.1.tlog
G:\GitHub\the-Best-of-C\CQUPT\demo03-判别闰年\demo03\demo03\Debug\link.command.1.tlog
G:\GitHub\the-Best-of-C\CQUPT\demo03-判别闰年\demo03\demo03\Debug\link.read.1.tlog
G:\GitHub\the-Best-of-C\CQUPT\demo03-判别闰年\demo03\demo03\Debug\link.write.1.tlog
G:\GitHub\the-Best-of-C\CQUPT\demo03-判别闰年\demo03\demo03\Debug\link-cvtres.read.1.tlog
G:\GitHub\the-Best-of-C\CQUPT\demo03-判别闰年\demo03\demo03\Debug\link-cvtres.write.1.tlog
G:\GitHub\the-Best-of-C\CQUPT\demo03-判别闰年\demo03\demo03\Debug\mt.command.1.tlog
G:\GitHub\the-Best-of-C\CQUPT\demo03-判别闰年\demo03\demo03\Debug\mt.read.1.tlog
G:\GitHub\the-Best-of-C\CQUPT\demo03-判别闰年\demo03\demo03\Debug\mt.write.1.tlog
G:\GitHub\the-Best-of-C\CQUPT\demo03-判别闰年\demo03\demo03\Debug\rc.command.1.tlog
G:\GitHub\the-Best-of-C\CQUPT\demo03-判别闰年\demo03\demo03\Debug\rc.read.1.tlog
G:\GitHub\the-Best-of-C\CQUPT\demo03-判别闰年\demo03\demo03\Debug\rc.write.1.tlog
G:\GitHub\the-Best-of-C\CQUPT\demo03-判别闰年\demo03\demo03\Debug\vc100.idb
G:\GITHUB\THE-BEST-OF-C\CQUPT\DEMO03-判别闰年\DEMO03\DEMO03\DEBUG\VC100.PDB
