生成启动时间为 2018/3/4 10:35:45。
     1>项目“G:\GitHub\the-Best-of-C\CQUPT\demo09-求完全平方数\demo09\demo09\demo09.vcxproj”在节点 2 上(build 个目标)。
     1>InitializeBuildStatus:
         正在创建“Debug\demo09.unsuccessfulbuild”，因为已指定“AlwaysCreate”。
       ClCompile:
         C:\Program Files (x86)\Microsoft Visual Studio 10.0\VC\bin\CL.exe /c /ZI /nologo /W3 /WX- /Od /Oy- /D WIN32 /D _DEBUG /D _CONSOLE /D _UNICODE /D UNICODE /Gm /EHsc /RTC1 /MDd /GS /fp:precise /Zc:wchar_t /Zc:forScope /Fo"Debug\\" /Fd"Debug\vc100.pdb" /Gd /TP /analyze- /errorReport:prompt demo09.cpp
         demo09.cpp
     1>g:\github\the-best-of-c\cqupt\demo09-求完全平方数\demo09\demo09\demo09.cpp(8): warning C4996: 'scanf': This function or variable may be unsafe. Consider using scanf_s instead. To disable deprecation, use _CRT_SECURE_NO_WARNINGS. See online help for details.
                 c:\program files (x86)\microsoft visual studio 10.0\vc\include\stdio.h(304) : 参见“scanf”的声明
       ManifestResourceCompile:
         所有输出均为最新。
       Link:
         C:\Program Files (x86)\Microsoft Visual Studio 10.0\VC\bin\link.exe /ERRORREPORT:PROMPT /OUT:"G:\GitHub\the-Best-of-C\CQUPT\demo09-求完全平方数\demo09\Debug\demo09.exe" /INCREMENTAL /NOLOGO kernel32.lib user32.lib gdi32.lib winspool.lib comdlg32.lib advapi32.lib shell32.lib ole32.lib oleaut32.lib uuid.lib odbc32.lib odbccp32.lib /MANIFEST /ManifestFile:"Debug\demo09.exe.intermediate.manifest" /MANIFESTUAC:"level='asInvoker' uiAccess='false'" /DEBUG /PDB:"G:\GitHub\the-Best-of-C\CQUPT\demo09-求完全平方数\demo09\Debug\demo09.pdb" /SUBSYSTEM:CONSOLE /TLBID:1 /DYNAMICBASE /NXCOMPAT /IMPLIB:"G:\GitHub\the-Best-of-C\CQUPT\demo09-求完全平方数\demo09\Debug\demo09.lib" /MACHINE:X86 Debug\demo09.exe.embed.manifest.res
         Debug\demo09.obj
       Manifest:
         C:\Program Files (x86)\Microsoft SDKs\Windows\v7.0A\bin\mt.exe /nologo /verbose /out:"Debug\demo09.exe.embed.manifest" /manifest Debug\demo09.exe.intermediate.manifest
         所有输出均为最新。
       LinkEmbedManifest:
         所有输出均为最新。
         demo09.vcxproj -> G:\GitHub\the-Best-of-C\CQUPT\demo09-求完全平方数\demo09\Debug\demo09.exe
       FinalizeBuildStatus:
         正在删除文件“Debug\demo09.unsuccessfulbuild”。
         正在对“Debug\demo09.lastbuildstate”执行 Touch 任务。
     1>已完成生成项目“G:\GitHub\the-Best-of-C\CQUPT\demo09-求完全平方数\demo09\demo09\demo09.vcxproj”(build 个目标)的操作。

生成成功。

已用时间 00:00:01.45
